[feibi] 开始启动（若随后静默崩溃，请查看本段之后最后一条日志定位阶段）
[feibi] 导入 PyQt6 …
[feibi] 创建 QApplication …
[feibi] 导入并创建 FeibiPetWindow …
[feibi] 计算屏幕位置并 show …
Windows fatal exception: access violation

Current thread 0x000035f0 (most recent call first):
  File "G:\L-pythonproject\MAX\FEIBI\main.py", line 143 in main
  File "G:\L-pythonproject\MAX\FEIBI\main.py", line 154 in <module>

Current thread's C stack trace (most recent call first):
  <cannot get C stack on this system>
[feibi] 开始启动（若随后静默崩溃，请查看本段之后最后一条日志定位阶段）
[feibi] 导入 PyQt6 …
[feibi] 已启用 AA_UseSoftwareOpenGL（环境变量 FEIBI_SOFTWARE_OPENGL=0 可关闭）
[feibi] 创建 QApplication …
[feibi] 导入并创建 FeibiPetWindow …
[feibi] 计算屏幕位置并 show …
Windows fatal exception: access violation

Current thread 0x00006ddc (most recent call first):
  File "G:\L-pythonproject\MAX\FEIBI\main.py", line 148 in main
  File "G:\L-pythonproject\MAX\FEIBI\main.py", line 159 in <module>

Current thread's C stack trace (most recent call first):
  <cannot get C stack on this system>
[feibi] 开始启动（若随后静默崩溃，请查看本段之后最后一条日志定位阶段）
[feibi] 导入 PyQt6 …
[feibi] 已启用 AA_UseSoftwareOpenGL（环境变量 FEIBI_SOFTWARE_OPENGL=0 可关闭）
[feibi] 创建 QApplication …
[feibi] 导入并创建 FeibiPetWindow …
[feibi] 计算屏幕位置 …
[feibi] 调用 win.show() …
[feibi] 未捕获异常: NameError: name 'eventType' is not defined
[feibi] win.show() 已返回；推迟 raise_/activate 到下一事件，避免 0xC000041D
[feibi] 进入事件循环 app.exec() …
[feibi] 已执行 raise_/activateWindow（延迟）
[feibi] 未捕获异常: KeyboardInterrupt: 
[feibi] 开始启动（若随后静默崩溃，请查看本段之后最后一条日志定位阶段）
[feibi] 导入 PyQt6 …
[feibi] 已启用 AA_UseSoftwareOpenGL（环境变量 FEIBI_SOFTWARE_OPENGL=0 可关闭）
[feibi] 创建 QApplication …
[feibi] 导入并创建 FeibiPetWindow …
[feibi] 计算屏幕位置 …
[feibi] 调用 win.show() …
[feibi] 未捕获异常: NameError: name 'eventType' is not defined
[feibi] win.show() 已返回；推迟 raise_/activate 到下一事件，避免 0xC000041D
[feibi] 进入事件循环 app.exec() …
[feibi] 已执行 raise_/activateWindow（延迟）
[feibi] 未捕获异常: KeyboardInterrupt: 
[feibi] 开始启动（若随后静默崩溃，请查看本段之后最后一条日志定位阶段）
[feibi] 导入 PyQt6 …
[feibi] 已启用 AA_UseSoftwareOpenGL（环境变量 FEIBI_SOFTWARE_OPENGL=0 可关闭）
[feibi] 创建 QApplication …
[feibi] 导入并创建 FeibiPetWindow …
[feibi] 计算屏幕位置 …
[feibi] 调用 win.show() …
[feibi] 未捕获异常: NameError: name 'eventType' is not defined
[feibi] win.show() 已返回；推迟 raise_/activate 到下一事件，避免 0xC000041D
[feibi] 进入事件循环 app.exec() …
[feibi] 已执行 raise_/activateWindow（延迟）
[feibi] 未捕获异常: KeyboardInterrupt: 
[feibi] 开始启动（若随后静默崩溃，请查看本段之后最后一条日志定位阶段）
[feibi] 导入 PyQt6 …
[feibi] 已启用 AA_UseSoftwareOpenGL（环境变量 FEIBI_SOFTWARE_OPENGL=0 可关闭）
[feibi] 创建 QApplication …
[feibi] 导入并创建 FeibiPetWindow …
[feibi] 计算屏幕位置 …
[feibi] 调用 win.show() …
[feibi] 未捕获异常: NameError: name 'eventType' is not defined
[feibi] win.show() 已返回；推迟 raise_/activate 到下一事件，避免 0xC000041D
[feibi] 进入事件循环 app.exec() …
[feibi] 已执行 raise_/activateWindow（延迟）
[feibi] 未捕获异常: KeyboardInterrupt: 
[feibi] 开始启动（若随后静默崩溃，请查看本段之后最后一条日志定位阶段）
[feibi] 导入 PyQt6 …
[feibi] 已启用 AA_UseSoftwareOpenGL（环境变量 FEIBI_SOFTWARE_OPENGL=0 可关闭）
[feibi] 创建 QApplication …
[feibi] 导入并创建 FeibiPetWindow …
[feibi] 计算屏幕位置 …
[feibi] 调用 win.show() …
[feibi] 未捕获异常: NameError: name 'eventType' is not defined
[feibi] win.show() 已返回；推迟 raise_/activate 到下一事件，避免 0xC000041D
[feibi] 进入事件循环 app.exec() …
[feibi] 已执行 raise_/activateWindow（延迟）
[feibi] 未捕获异常: KeyboardInterrupt: 
[feibi] 开始启动（若随后静默崩溃，请查看本段之后最后一条日志定位阶段）
[feibi] 导入 PyQt6 …
[feibi] 已启用 AA_UseSoftwareOpenGL（环境变量 FEIBI_SOFTWARE_OPENGL=0 可关闭）
[feibi] 创建 QApplication …
[feibi] 导入并创建 FeibiPetWindow …
[feibi] 计算屏幕位置 …
[feibi] 调用 win.show() …
[feibi] 未捕获异常: NameError: name 'eventType' is not defined
[feibi] win.show() 已返回；推迟 raise_/activate 到下一事件，避免 0xC000041D
[feibi] 进入事件循环 app.exec() …
[feibi] 已执行 raise_/activateWindow（延迟）
[feibi] 未捕获异常: KeyboardInterrupt: 
[feibi] 开始启动（若随后静默崩溃，请查看本段之后最后一条日志定位阶段）
[feibi] 导入 PyQt6 …
[feibi] 已启用 AA_UseSoftwareOpenGL（环境变量 FEIBI_SOFTWARE_OPENGL=0 可关闭）
[feibi] 创建 QApplication …
[feibi] 导入并创建 FeibiPetWindow …
[feibi] 计算屏幕位置 …
[feibi] 调用 win.show() …
[feibi] 未捕获异常: NameError: name 'eventType' is not defined
[feibi] win.show() 已返回；推迟 raise_/activate 到下一事件，避免 0xC000041D
[feibi] 进入事件循环 app.exec() …
[feibi] 已执行 raise_/activateWindow（延迟）
[feibi] 未捕获异常: KeyboardInterrupt: 
[feibi] 开始启动（若随后静默崩溃，请查看本段之后最后一条日志定位阶段）
[feibi] 导入 PyQt6 …
[feibi] 已启用 AA_UseSoftwareOpenGL（环境变量 FEIBI_SOFTWARE_OPENGL=0 可关闭）
[feibi] 创建 QApplication …
[feibi] 导入并创建 FeibiPetWindow …
[feibi] 计算屏幕位置 …
[feibi] 调用 win.show() …
[feibi] 未捕获异常: NameError: name 'eventType' is not defined
[feibi] win.show() 已返回；推迟 raise_/activate 到下一事件，避免 0xC000041D
[feibi] 进入事件循环 app.exec() …
[feibi] 已执行 raise_/activateWindow（延迟）
Windows fatal exception: code 0x8001010d

Current thread 0x00004344 (most recent call first):
  File "G:\L-pythonproject\MAX\FEIBI\main.py", line 162 in main
  File "G:\L-pythonproject\MAX\FEIBI\main.py", line 168 in <module>

Current thread's C stack trace (most recent call first):
  <cannot get C stack on this system>
[feibi] 未捕获异常: KeyboardInterrupt: 
[feibi] 开始启动（若随后静默崩溃，请查看本段之后最后一条日志定位阶段）
[feibi] 导入 PyQt6 …
[feibi] 已启用 AA_UseSoftwareOpenGL（环境变量 FEIBI_SOFTWARE_OPENGL=0 可关闭）
[feibi] 创建 QApplication …
[feibi] 导入并创建 FeibiPetWindow …
[feibi] 计算屏幕位置 …
[feibi] 调用 win.show() …
[feibi] 未捕获异常: NameError: name 'eventType' is not defined
[feibi] win.show() 已返回；推迟 raise_/activate 到下一事件，避免 0xC000041D
[feibi] 进入事件循环 app.exec() …
[feibi] 已执行 raise_/activateWindow（延迟）
[feibi] 未捕获异常: KeyboardInterrupt: 
[feibi] 开始启动（若随后静默崩溃，请查看本段之后最后一条日志定位阶段）
[feibi] 导入 PyQt6 …
[feibi] 已启用 AA_UseSoftwareOpenGL（环境变量 FEIBI_SOFTWARE_OPENGL=0 可关闭）
[feibi] 创建 QApplication …
[feibi] 导入并创建 FeibiPetWindow …
[feibi] 计算屏幕位置 …
[feibi] 调用 win.show() …
[feibi] 未捕获异常: NameError: name 'eventType' is not defined
[feibi] win.show() 已返回；推迟 raise_/activate 到下一事件，避免 0xC000041D
[feibi] 进入事件循环 app.exec() …
[feibi] 已执行 raise_/activateWindow（延迟）
[feibi] 未捕获异常: KeyboardInterrupt: 
[feibi] 开始启动（若随后静默崩溃，请查看本段之后最后一条日志定位阶段）
[feibi] 导入 PyQt6 …
[feibi] 已启用 AA_UseSoftwareOpenGL（环境变量 FEIBI_SOFTWARE_OPENGL=0 可关闭）
[feibi] 创建 QApplication …
[feibi] 导入并创建 FeibiPetWindow …
[feibi] 计算屏幕位置 …
[feibi] 调用 win.show() …
[feibi] 未捕获异常: NameError: name 'eventType' is not defined
[feibi] win.show() 已返回；推迟 raise_/activate 到下一事件，避免 0xC000041D
[feibi] 进入事件循环 app.exec() …
[feibi] 已执行 raise_/activateWindow（延迟）
[feibi] 未捕获异常: KeyboardInterrupt: 
[feibi] 开始启动（若随后静默崩溃，请查看本段之后最后一条日志定位阶段）
[feibi] 导入 PyQt6 …
[feibi] 已启用 AA_UseSoftwareOpenGL（环境变量 FEIBI_SOFTWARE_OPENGL=0 可关闭）
[feibi] 创建 QApplication …
[feibi] 导入并创建 FeibiPetWindow …
[feibi] 计算屏幕位置 …
[feibi] 调用 win.show() …
[feibi] 未捕获异常: NameError: name 'eventType' is not defined
[feibi] win.show() 已返回；推迟 raise_/activate 到下一事件，避免 0xC000041D
[feibi] 进入事件循环 app.exec() …
[feibi] 已执行 raise_/activateWindow（延迟）
[feibi] 未捕获异常: KeyboardInterrupt: 
[feibi] 开始启动（若随后静默崩溃，请查看本段之后最后一条日志定位阶段）
[feibi] 导入 PyQt6 …
[feibi] 已启用 AA_UseSoftwareOpenGL（环境变量 FEIBI_SOFTWARE_OPENGL=0 可关闭）
[feibi] 创建 QApplication …
[feibi] 导入并创建 FeibiPetWindow …
[feibi] 未捕获异常: AttributeError: module 'feibi_pet.config' has no attribute 'STEM_MAIN'
[feibi] 开始启动（若随后静默崩溃，请查看本段之后最后一条日志定位阶段）
[feibi] 导入 PyQt6 …
[feibi] 已启用 AA_UseSoftwareOpenGL（环境变量 FEIBI_SOFTWARE_OPENGL=0 可关闭）
[feibi] 创建 QApplication …
[feibi] 导入并创建 FeibiPetWindow …
[feibi] 未捕获异常: ModuleNotFoundError: No module named 'config'
[feibi] 开始启动（若随后静默崩溃，请查看本段之后最后一条日志定位阶段）
[feibi] 导入 PyQt6 …
[feibi] 已启用 AA_UseSoftwareOpenGL（环境变量 FEIBI_SOFTWARE_OPENGL=0 可关闭）
[feibi] 创建 QApplication …
[feibi] 导入并创建 FeibiPetWindow …
[feibi] 未捕获异常: ModuleNotFoundError: No module named 'config'
[feibi] 开始启动（若随后静默崩溃，请查看本段之后最后一条日志定位阶段）
[feibi] 导入 PyQt6 …
[feibi] 已启用 AA_UseSoftwareOpenGL（环境变量 FEIBI_SOFTWARE_OPENGL=0 可关闭）
[feibi] 创建 QApplication …
[feibi] 导入并创建 FeibiPetWindow …
[feibi] 未捕获异常: ModuleNotFoundError: No module named 'config'
[feibi] 开始启动（若随后静默崩溃，请查看本段之后最后一条日志定位阶段）
[feibi] 导入 PyQt6 …
[feibi] 已启用 AA_UseSoftwareOpenGL（环境变量 FEIBI_SOFTWARE_OPENGL=0 可关闭）
[feibi] 创建 QApplication …
[feibi] 导入并创建 FeibiPetWindow …
[feibi] 未捕获异常: ModuleNotFoundError: No module named 'config'
[feibi] 开始启动（若随后静默崩溃，请查看本段之后最后一条日志定位阶段）
[feibi] 导入 PyQt6 …
[feibi] 已启用 AA_UseSoftwareOpenGL（环境变量 FEIBI_SOFTWARE_OPENGL=0 可关闭）
[feibi] 创建 QApplication …
[feibi] 导入并创建 FeibiPetWindow …
[feibi] 未捕获异常: ModuleNotFoundError: No module named 'config'
[feibi] 开始启动（若随后静默崩溃，请查看本段之后最后一条日志定位阶段）
[feibi] 导入 PyQt6 …
[feibi] 已启用 AA_UseSoftwareOpenGL（环境变量 FEIBI_SOFTWARE_OPENGL=0 可关闭）
[feibi] 创建 QApplication …
[feibi] 导入并创建 FeibiPetWindow …
[feibi] 未捕获异常: ModuleNotFoundError: No module named 'Media'
[feibi] 开始启动（若随后静默崩溃，请查看本段之后最后一条日志定位阶段）
[feibi] 导入 PyQt6 …
[feibi] 已启用 AA_UseSoftwareOpenGL（环境变量 FEIBI_SOFTWARE_OPENGL=0 可关闭）
[feibi] 创建 QApplication …
[feibi] 导入并创建 FeibiPetWindow …
[feibi] 未捕获异常: ModuleNotFoundError: No module named 'Media'
[feibi] 开始启动（若随后静默崩溃，请查看本段之后最后一条日志定位阶段）
[feibi] 导入 PyQt6 …
[feibi] 已启用 AA_UseSoftwareOpenGL（环境变量 FEIBI_SOFTWARE_OPENGL=0 可关闭）
[feibi] 创建 QApplication …
[feibi] 导入并创建 FeibiPetWindow …
[feibi] 计算屏幕位置 …
[feibi] 调用 win.show() …
[feibi] 未捕获异常: NameError: name 'eventType' is not defined
[feibi] win.show() 已返回；推迟 raise_/activate 到下一事件，避免 0xC000041D
[feibi] 进入事件循环 app.exec() …
[feibi] 已执行 raise_/activateWindow（延迟）
[feibi] 开始启动（若随后静默崩溃，请查看本段之后最后一条日志定位阶段）
[feibi] 导入 PyQt6 …
[feibi] 已启用 AA_UseSoftwareOpenGL（环境变量 FEIBI_SOFTWARE_OPENGL=0 可关闭）
[feibi] 创建 QApplication …
[feibi] 导入并创建 FeibiPetWindow …
[feibi] 计算屏幕位置 …
[feibi] 调用 win.show() …
Windows fatal exception: access violation

Current thread 0x00000960 (most recent call first):
  File "G:\L-pythonproject\MAX\FEIBI\main.py", line 152 in main
  File "G:\L-pythonproject\MAX\FEIBI\main.py", line 171 in <module>

Current thread's C stack trace (most recent call first):
  <cannot get C stack on this system>
[feibi] 开始启动（若随后静默崩溃，请查看本段之后最后一条日志定位阶段）
[feibi] 导入 PyQt6 …
[feibi] 已启用 AA_UseSoftwareOpenGL（环境变量 FEIBI_SOFTWARE_OPENGL=0 可关闭）
[feibi] 创建 QApplication …
[feibi] 导入并创建 FeibiPetWindow …
[feibi] 计算屏幕位置 …
[feibi] 调用 win.show() …
Windows fatal exception: access violation

Current thread 0x00005bb8 (most recent call first):
  File "G:\L-pythonproject\MAX\FEIBI\main.py", line 152 in main
  File "G:\L-pythonproject\MAX\FEIBI\main.py", line 171 in <module>

Current thread's C stack trace (most recent call first):
  <cannot get C stack on this system>
[feibi] 开始启动（若随后静默崩溃，请查看本段之后最后一条日志定位阶段）
[feibi] 导入 PyQt6 …
[feibi] 已启用 AA_UseSoftwareOpenGL（环境变量 FEIBI_SOFTWARE_OPENGL=0 可关闭）
[feibi] 创建 QApplication …
[feibi] 导入并创建 FeibiPetWindow …
[feibi] 计算屏幕位置 …
[feibi] 调用 win.show() …
Windows fatal exception: access violation

Current thread 0x000056a8 (most recent call first):
  File "G:\L-pythonproject\MAX\FEIBI\main.py", line 152 in main
  File "G:\L-pythonproject\MAX\FEIBI\main.py", line 171 in <module>

Current thread's C stack trace (most recent call first):
  <cannot get C stack on this system>
[feibi] 开始启动（若随后静默崩溃，请查看本段之后最后一条日志定位阶段）
[feibi] 导入 PyQt6 …
[feibi] 已启用 AA_UseSoftwareOpenGL（环境变量 FEIBI_SOFTWARE_OPENGL=0 可关闭）
[feibi] 创建 QApplication …
[feibi] 导入并创建 FeibiPetWindow …
[feibi] 计算屏幕位置 …
[feibi] 调用 win.show() …
Windows fatal exception: access violation

Current thread 0x000011bc (most recent call first):
  File "G:\L-pythonproject\MAX\FEIBI\main.py", line 152 in main
  File "G:\L-pythonproject\MAX\FEIBI\main.py", line 171 in <module>

Current thread's C stack trace (most recent call first):
  <cannot get C stack on this system>
[feibi] 开始启动（若随后静默崩溃，请查看本段之后最后一条日志定位阶段）
[feibi] 导入 PyQt6 …
[feibi] 已启用 AA_UseSoftwareOpenGL（环境变量 FEIBI_SOFTWARE_OPENGL=0 可关闭）
[feibi] 创建 QApplication …
[feibi] 导入并创建 FeibiPetWindow …
[feibi] 未捕获异常: AttributeError: module 'feibi_pet.config' has no attribute 'resolve_img'
[feibi] atexit：进程即将退出（若为异常结束，上面应有栈或本机崩溃码）
[feibi] 开始启动（若随后静默崩溃，请查看本段之后最后一条日志定位阶段）
[feibi] 导入 PyQt6 …
[feibi] 已启用 AA_UseSoftwareOpenGL（环境变量 FEIBI_SOFTWARE_OPENGL=0 可关闭）
[feibi] 创建 QApplication …
[feibi] 导入并创建 FeibiPetWindow …
[feibi] 未捕获异常: AttributeError: module 'feibi_pet.config' has no attribute 'resolve_img'
[feibi] atexit：进程即将退出（若为异常结束，上面应有栈或本机崩溃码）
[feibi] 开始启动（若随后静默崩溃，请查看本段之后最后一条日志定位阶段）
[feibi] 导入 PyQt6 …
[feibi] 已启用 AA_UseSoftwareOpenGL（环境变量 FEIBI_SOFTWARE_OPENGL=0 可关闭）
[feibi] 创建 QApplication …
[feibi] 导入并创建 FeibiPetWindow …
[feibi] 计算屏幕位置 …
[feibi] 调用 win.show() …
Windows fatal exception: access violation

Current thread 0x00002c34 (most recent call first):
  File "G:\L-pythonproject\MAX\FEIBI\main.py", line 152 in main
  File "G:\L-pythonproject\MAX\FEIBI\main.py", line 171 in <module>

Current thread's C stack trace (most recent call first):
  <cannot get C stack on this system>
[feibi] 开始启动（若随后静默崩溃，请查看本段之后最后一条日志定位阶段）
[feibi] 导入 PyQt6 …
[feibi] 已启用 AA_UseSoftwareOpenGL（环境变量 FEIBI_SOFTWARE_OPENGL=0 可关闭）
[feibi] 创建 QApplication …
[feibi] 导入并创建 FeibiPetWindow …
[feibi] 未捕获异常: AttributeError: module 'feibi_pet.config' has no attribute 'FEIBI_SING_IMG'
[feibi] atexit：进程即将退出（若为异常结束，上面应有栈或本机崩溃码）
[feibi] 开始启动（若随后静默崩溃，请查看本段之后最后一条日志定位阶段）
[feibi] 导入 PyQt6 …
[feibi] 已启用 AA_UseSoftwareOpenGL（环境变量 FEIBI_SOFTWARE_OPENGL=0 可关闭）
[feibi] 创建 QApplication …
[feibi] 导入并创建 FeibiPetWindow …
[feibi] 计算屏幕位置 …
[feibi] 调用 win.show() …
Windows fatal exception: access violation

Current thread 0x00002eec (most recent call first):
  File "G:\L-pythonproject\MAX\FEIBI\main.py", line 152 in main
  File "G:\L-pythonproject\MAX\FEIBI\main.py", line 171 in <module>

Current thread's C stack trace (most recent call first):
  <cannot get C stack on this system>
[feibi] 开始启动（若随后静默崩溃，请查看本段之后最后一条日志定位阶段）
[feibi] 导入 PyQt6 …
[feibi] 已启用 AA_UseSoftwareOpenGL（环境变量 FEIBI_SOFTWARE_OPENGL=0 可关闭）
[feibi] 创建 QApplication …
[feibi] 导入并创建 FeibiPetWindow …
[feibi] 计算屏幕位置 …
[feibi] 调用 win.show() …
Windows fatal exception: access violation

Current thread 0x000033c4 (most recent call first):
  File "G:\L-pythonproject\MAX\FEIBI\main.py", line 152 in main
  File "G:\L-pythonproject\MAX\FEIBI\main.py", line 171 in <module>

Current thread's C stack trace (most recent call first):
  <cannot get C stack on this system>
[feibi] 开始启动（若随后静默崩溃，请查看本段之后最后一条日志定位阶段）
[feibi] 导入 PyQt6 …
[feibi] 已启用 AA_UseSoftwareOpenGL（环境变量 FEIBI_SOFTWARE_OPENGL=0 可关闭）
[feibi] 创建 QApplication …
[feibi] 导入并创建 FeibiPetWindow …
[feibi] 计算屏幕位置 …
[feibi] 调用 win.show() …
[feibi] win.show() 已返回；推迟 raise_/activate 到下一事件，避免 0xC000041D
[feibi] 进入事件循环 app.exec() …
[feibi] 已执行 raise_/activateWindow（延迟）
[feibi] 开始启动（若随后静默崩溃，请查看本段之后最后一条日志定位阶段）
[feibi] 导入 PyQt6 …
[feibi] 已启用 AA_UseSoftwareOpenGL（环境变量 FEIBI_SOFTWARE_OPENGL=0 可关闭）
[feibi] 创建 QApplication …
[feibi] 导入并创建 FeibiPetWindow …
[feibi] 计算屏幕位置 …
[feibi] 调用 win.show() …
[feibi] win.show() 已返回；推迟 raise_/activate 到下一事件，避免 0xC000041D
[feibi] 进入事件循环 app.exec() …
[feibi] 已执行 raise_/activateWindow（延迟）
[feibi] 开始启动（若随后静默崩溃，请查看本段之后最后一条日志定位阶段）
[feibi] 导入 PyQt6 …
[feibi] 已启用 AA_UseSoftwareOpenGL（环境变量 FEIBI_SOFTWARE_OPENGL=0 可关闭）
[feibi] 创建 QApplication …
[feibi] 导入并创建 FeibiPetWindow …
[feibi] 计算屏幕位置 …
[feibi] 调用 win.show() …
[feibi] win.show() 已返回；推迟 raise_/activate 到下一事件，避免 0xC000041D
[feibi] 进入事件循环 app.exec() …
[feibi] 已执行 raise_/activateWindow（延迟）
[feibi] 开始启动（若随后静默崩溃，请查看本段之后最后一条日志定位阶段）
[feibi] 导入 PyQt6 …
[feibi] 已启用 AA_UseSoftwareOpenGL（环境变量 FEIBI_SOFTWARE_OPENGL=0 可关闭）
[feibi] 创建 QApplication …
[feibi] 导入并创建 FeibiPetWindow …
[feibi] 计算屏幕位置 …
[feibi] 调用 win.show() …
[feibi] win.show() 已返回；推迟 raise_/activate 到下一事件，避免 0xC000041D
[feibi] 进入事件循环 app.exec() …
[feibi] 已执行 raise_/activateWindow（延迟）
[feibi] 开始启动（若随后静默崩溃，请查看本段之后最后一条日志定位阶段）
[feibi] 导入 PyQt6 …
[feibi] 已启用 AA_UseSoftwareOpenGL（环境变量 FEIBI_SOFTWARE_OPENGL=0 可关闭）
[feibi] 创建 QApplication …
[feibi] 导入并创建 FeibiPetWindow …
[feibi] 计算屏幕位置 …
[feibi] 调用 win.show() …
[feibi] win.show() 已返回；推迟 raise_/activate 到下一事件，避免 0xC000041D
[feibi] 进入事件循环 app.exec() …
[feibi] 已执行 raise_/activateWindow（延迟）
[feibi] 未捕获异常: KeyboardInterrupt: 
[feibi] 开始启动（若随后静默崩溃，请查看本段之后最后一条日志定位阶段）
[feibi] 导入 PyQt6 …
[feibi] 已启用 AA_UseSoftwareOpenGL（环境变量 FEIBI_SOFTWARE_OPENGL=0 可关闭）
[feibi] 创建 QApplication …
[feibi] 导入并创建 FeibiPetWindow …
[feibi] 计算屏幕位置 …
[feibi] 调用 win.show() …
[feibi] win.show() 已返回；推迟 raise_/activate 到下一事件，避免 0xC000041D
[feibi] 进入事件循环 app.exec() …
[feibi] 已执行 raise_/activateWindow（延迟）
[feibi] 未捕获异常: KeyboardInterrupt: 
[feibi] 开始启动（若随后静默崩溃，请查看本段之后最后一条日志定位阶段）
[feibi] 导入 PyQt6 …
[feibi] 已启用 AA_UseSoftwareOpenGL（环境变量 FEIBI_SOFTWARE_OPENGL=0 可关闭）
[feibi] 创建 QApplication …
[feibi] 导入并创建 FeibiPetWindow …
[feibi] 计算屏幕位置 …
[feibi] 调用 win.show() …
[feibi] win.show() 已返回；推迟 raise_/activate 到下一事件，避免 0xC000041D
[feibi] 进入事件循环 app.exec() …
[feibi] 已执行 raise_/activateWindow（延迟）
[feibi] 未捕获异常: KeyboardInterrupt: 
[feibi] 开始启动（若随后静默崩溃，请查看本段之后最后一条日志定位阶段）
[feibi] 导入 PyQt6 …
[feibi] 已启用 AA_UseSoftwareOpenGL（环境变量 FEIBI_SOFTWARE_OPENGL=0 可关闭）
[feibi] 创建 QApplication …
[feibi] 导入并创建 FeibiPetWindow …
[feibi] 计算屏幕位置 …
[feibi] 调用 win.show() …
[feibi] win.show() 已返回；推迟 raise_/activate 到下一事件，避免 0xC000041D
[feibi] 进入事件循环 app.exec() …
[feibi] 已执行 raise_/activateWindow（延迟）
[feibi] 未捕获异常: KeyboardInterrupt: 
[feibi] 开始启动（若随后静默崩溃，请查看本段之后最后一条日志定位阶段）
[feibi] 导入 PyQt6 …
[feibi] 已启用 AA_UseSoftwareOpenGL（环境变量 FEIBI_SOFTWARE_OPENGL=0 可关闭）
[feibi] 创建 QApplication …
[feibi] 导入并创建 FeibiPetWindow …
[feibi] 计算屏幕位置 …
[feibi] 调用 win.show() …
[feibi] win.show() 已返回；推迟 raise_/activate 到下一事件，避免 0xC000041D
[feibi] 进入事件循环 app.exec() …
[feibi] 已执行 raise_/activateWindow（延迟）
[feibi] 未捕获异常: KeyboardInterrupt: 
[feibi] 开始启动（若随后静默崩溃，请查看本段之后最后一条日志定位阶段）
[feibi] 导入 PyQt6 …
[feibi] 已启用 AA_UseSoftwareOpenGL（环境变量 FEIBI_SOFTWARE_OPENGL=0 可关闭）
[feibi] 创建 QApplication …
[feibi] 导入并创建 FeibiPetWindow …
[feibi] 计算屏幕位置 …
[feibi] 调用 win.show() …
[feibi] win.show() 已返回；推迟 raise_/activate 到下一事件，避免 0xC000041D
[feibi] 进入事件循环 app.exec() …
[feibi] 已执行 raise_/activateWindow（延迟）
[feibi] 未捕获异常: KeyboardInterrupt: 
[feibi] 开始启动（若随后静默崩溃，请查看本段之后最后一条日志定位阶段）
[feibi] 导入 PyQt6 …
[feibi] 已启用 AA_UseSoftwareOpenGL（环境变量 FEIBI_SOFTWARE_OPENGL=0 可关闭）
[feibi] 创建 QApplication …
[feibi] 导入并创建 FeibiPetWindow …
[feibi] 计算屏幕位置 …
[feibi] 调用 win.show() …
[feibi] win.show() 已返回；推迟 raise_/activate 到下一事件，避免 0xC000041D
[feibi] 进入事件循环 app.exec() …
[feibi] 已执行 raise_/activateWindow（延迟）
[feibi] 未捕获异常: KeyboardInterrupt: 
[feibi] 开始启动（若随后静默崩溃，请查看本段之后最后一条日志定位阶段）
[feibi] 已启用 AA_UseSoftwareOpenGL（环境变量 FEIBI_SOFTWARE_OPENGL=0 可关闭）
[feibi] 进入事件循环 app.exec() …
[feibi] 未捕获异常: KeyboardInterrupt: 
[feibi] 开始启动（若随后静默崩溃，请查看本段之后最后一条日志定位阶段）
[feibi] 导入 PyQt6 …
[feibi] 已启用 AA_UseSoftwareOpenGL（环境变量 FEIBI_SOFTWARE_OPENGL=0 可关闭）
[feibi] 创建 QApplication …
[feibi] 导入并创建 FeibiPetWindow …
[feibi] 计算屏幕位置 …
[feibi] 调用 win.show() …
[feibi] win.show() 已返回；推迟 raise_/activate 到下一事件，避免 0xC000041D
[feibi] 进入事件循环 app.exec() …
[feibi] 已执行 raise_/activateWindow（延迟）
[feibi] 未捕获异常: KeyboardInterrupt: 
